<?xml version="1.0" encoding="UTF-8"?>
<!-- Generated by org.testng.reporters.JUnitXMLReporter -->
<testsuite hostname="GBWK-INA94504Z8" name="Test" tests="5" failures="4" timestamp="17 Oct 2016 09:25:00 GMT" time="43.824" errors="0">
  <testcase name="login" time="8.873" classname="com.galaxe.rst.LoginTest">
    <failure type="java.lang.AssertionError" message="expected:&amp;lt;http://localhost:8080/rst/loginEmployee&amp;gt; but was:&amp;lt;http://localhost:8080/rst/login&amp;gt;">
      <![CDATA[java.lang.AssertionError: expected:<http://localhost:8080/rst/loginEmployee> but was:<http://localhost:8080/rst/login>
	at com.galaxe.rst.LoginTest.login(LoginTest.java:37)
... Removed 27 stack frames]]>
    </failure>
  </testcase> <!-- login -->
  <testcase name="login" time="6.768" classname="com.galaxe.rst.LoginTest">
    <failure type="java.lang.AssertionError" message="expected:&amp;lt;http://localhost:8080/rst/loginEmployee&amp;gt; but was:&amp;lt;http://localhost:8080/rst/login&amp;gt;">
      <![CDATA[java.lang.AssertionError: expected:<http://localhost:8080/rst/loginEmployee> but was:<http://localhost:8080/rst/login>
	at com.galaxe.rst.LoginTest.login(LoginTest.java:37)
... Removed 27 stack frames]]>
    </failure>
  </testcase> <!-- login -->
  <testcase name="login" time="7.884" classname="com.galaxe.rst.LoginTest"/>
  <testcase name="login" time="6.825" classname="com.galaxe.rst.LoginTest">
    <failure type="java.lang.AssertionError" message="expected:&amp;lt;http://localhost:8080/rst/loginEmployee&amp;gt; but was:&amp;lt;http://localhost:8080/rst/login&amp;gt;">
      <![CDATA[java.lang.AssertionError: expected:<http://localhost:8080/rst/loginEmployee> but was:<http://localhost:8080/rst/login>
	at com.galaxe.rst.LoginTest.login(LoginTest.java:37)
... Removed 27 stack frames]]>
    </failure>
  </testcase> <!-- login -->
  <testcase name="login" time="13.232" classname="com.galaxe.rst.LoginTest">
    <failure type="java.lang.AssertionError" message="expected:&amp;lt;http://localhost:8080/rst/loginEmployee&amp;gt; but was:&amp;lt;http://localhost:8080/rst/login&amp;gt;">
      <![CDATA[java.lang.AssertionError: expected:<http://localhost:8080/rst/loginEmployee> but was:<http://localhost:8080/rst/login>
	at com.galaxe.rst.LoginTest.login(LoginTest.java:37)
... Removed 27 stack frames]]>
    </failure>
  </testcase> <!-- login -->
</testsuite> <!-- Test -->
