<?xml version="1.0" encoding="UTF-8"?>
<!-- Generated by org.testng.reporters.JUnitXMLReporter -->
<testsuite hostname="GBWK-INA94504Z8" name="Test" tests="5" failures="5" timestamp="17 Oct 2016 06:01:22 GMT" time="34.479" errors="0">
  <testcase name="login" time="10.09" classname="com.galaxe.rst.LoginTest">
    <failure type="java.lang.AssertionError" message="expected:&amp;lt;http://localhost:8080/rst/loginEmployee&amp;gt; but was:&amp;lt;http://localhost:8080/rst/login&amp;gt;">
      <![CDATA[java.lang.AssertionError: expected:<http://localhost:8080/rst/loginEmployee> but was:<http://localhost:8080/rst/login>
	at com.galaxe.rst.LoginTest.login(LoginTest.java:37)
... Removed 27 stack frames]]>
    </failure>
  </testcase> <!-- login -->
  <testcase name="login" time="6.246" classname="com.galaxe.rst.LoginTest">
    <failure type="java.lang.AssertionError" message="expected:&amp;lt;http://localhost:8080/rst/loginEmployee&amp;gt; but was:&amp;lt;http://localhost:8080/rst/login&amp;gt;">
      <![CDATA[java.lang.AssertionError: expected:<http://localhost:8080/rst/loginEmployee> but was:<http://localhost:8080/rst/login>
	at com.galaxe.rst.LoginTest.login(LoginTest.java:37)
... Removed 27 stack frames]]>
    </failure>
  </testcase> <!-- login -->
  <testcase name="login" time="5.722" classname="com.galaxe.rst.LoginTest">
    <failure type="java.lang.AssertionError" message="expected:&amp;lt;http://localhost:8080/rst/loginEmployee&amp;gt; but was:&amp;lt;http://localhost:8080/rst/login&amp;gt;">
      <![CDATA[java.lang.AssertionError: expected:<http://localhost:8080/rst/loginEmployee> but was:<http://localhost:8080/rst/login>
	at com.galaxe.rst.LoginTest.login(LoginTest.java:37)
... Removed 27 stack frames]]>
    </failure>
  </testcase> <!-- login -->
  <testcase name="login" time="6.263" classname="com.galaxe.rst.LoginTest">
    <failure type="java.lang.AssertionError" message="expected:&amp;lt;http://localhost:8080/rst/loginEmployee&amp;gt; but was:&amp;lt;http://localhost:8080/rst/login&amp;gt;">
      <![CDATA[java.lang.AssertionError: expected:<http://localhost:8080/rst/loginEmployee> but was:<http://localhost:8080/rst/login>
	at com.galaxe.rst.LoginTest.login(LoginTest.java:37)
... Removed 27 stack frames]]>
    </failure>
  </testcase> <!-- login -->
  <testcase name="login" time="5.784" classname="com.galaxe.rst.LoginTest">
    <failure type="java.lang.AssertionError" message="expected:&amp;lt;http://localhost:8080/rst/loginEmployee&amp;gt; but was:&amp;lt;http://localhost:8080/rst/login&amp;gt;">
      <![CDATA[java.lang.AssertionError: expected:<http://localhost:8080/rst/loginEmployee> but was:<http://localhost:8080/rst/login>
	at com.galaxe.rst.LoginTest.login(LoginTest.java:37)
... Removed 27 stack frames]]>
    </failure>
  </testcase> <!-- login -->
</testsuite> <!-- Test -->
